  Board.cpp
c:\users\martin\downloads\comp2501-finalproject-master (2)\comp2501-finalproject-master\texturedemo\texturedemo\board.cpp(6): warning C4244: '=': conversion from 'double' to 'float', possible loss of data
c:\users\martin\downloads\comp2501-finalproject-master (2)\comp2501-finalproject-master\texturedemo\texturedemo\board.cpp(7): warning C4244: 'argument': conversion from 'time_t' to 'unsigned int', possible loss of data
c:\users\martin\downloads\comp2501-finalproject-master (2)\comp2501-finalproject-master\texturedemo\texturedemo\board.cpp(19): warning C4018: '<': signed/unsigned mismatch
c:\users\martin\downloads\comp2501-finalproject-master (2)\comp2501-finalproject-master\texturedemo\texturedemo\board.cpp(33): warning C4018: '<': signed/unsigned mismatch
c:\users\martin\downloads\comp2501-finalproject-master (2)\comp2501-finalproject-master\texturedemo\texturedemo\board.cpp(40): warning C4244: '=': conversion from 'double' to 'float', possible loss of data
c:\users\martin\downloads\comp2501-finalproject-master (2)\comp2501-finalproject-master\texturedemo\texturedemo\board.cpp(41): warning C4018: '<': signed/unsigned mismatch
c:\users\martin\downloads\comp2501-finalproject-master (2)\comp2501-finalproject-master\texturedemo\texturedemo\board.cpp(54): warning C4244: '=': conversion from 'double' to 'float', possible loss of data
c:\users\martin\downloads\comp2501-finalproject-master (2)\comp2501-finalproject-master\texturedemo\texturedemo\board.cpp(60): warning C4244: '=': conversion from 'double' to 'float', possible loss of data
c:\users\martin\downloads\comp2501-finalproject-master (2)\comp2501-finalproject-master\texturedemo\texturedemo\board.cpp(66): warning C4244: '=': conversion from 'double' to 'float', possible loss of data
c:\users\martin\downloads\comp2501-finalproject-master (2)\comp2501-finalproject-master\texturedemo\texturedemo\board.cpp(72): warning C4244: '=': conversion from 'double' to 'float', possible loss of data
c:\users\martin\downloads\comp2501-finalproject-master (2)\comp2501-finalproject-master\texturedemo\texturedemo\board.cpp(84): warning C4244: '=': conversion from 'double' to 'float', possible loss of data
c:\users\martin\downloads\comp2501-finalproject-master (2)\comp2501-finalproject-master\texturedemo\texturedemo\board.cpp(90): warning C4244: '=': conversion from 'double' to 'float', possible loss of data
c:\users\martin\downloads\comp2501-finalproject-master (2)\comp2501-finalproject-master\texturedemo\texturedemo\board.cpp(96): warning C4244: '=': conversion from 'double' to 'float', possible loss of data
c:\users\martin\downloads\comp2501-finalproject-master (2)\comp2501-finalproject-master\texturedemo\texturedemo\board.cpp(102): warning C4244: '=': conversion from 'double' to 'float', possible loss of data
c:\users\martin\downloads\comp2501-finalproject-master (2)\comp2501-finalproject-master\texturedemo\texturedemo\board.cpp(114): warning C4018: '<': signed/unsigned mismatch
c:\users\martin\downloads\comp2501-finalproject-master (2)\comp2501-finalproject-master\texturedemo\texturedemo\board.cpp(118): warning C4018: '<': signed/unsigned mismatch
c:\users\martin\downloads\comp2501-finalproject-master (2)\comp2501-finalproject-master\texturedemo\texturedemo\board.cpp(124): warning C4018: '<': signed/unsigned mismatch
  Camera.cpp
c:\users\martin\downloads\comp2501-finalproject-master (2)\comp2501-finalproject-master\texturedemo\texturedemo\camera.cpp(22): warning C4244: 'initializing': conversion from 'double' to 'float', possible loss of data
c:\users\martin\downloads\comp2501-finalproject-master (2)\comp2501-finalproject-master\texturedemo\texturedemo\camera.cpp(23): warning C4244: 'initializing': conversion from 'double' to 'float', possible loss of data
c:\users\martin\downloads\comp2501-finalproject-master (2)\comp2501-finalproject-master\texturedemo\texturedemo\camera.cpp(35): warning C4244: '+=': conversion from 'double' to 'T', possible loss of data
          with
          [
              T=float
          ]
c:\users\martin\downloads\comp2501-finalproject-master (2)\comp2501-finalproject-master\texturedemo\texturedemo\camera.cpp(38): warning C4244: '+=': conversion from 'double' to 'T', possible loss of data
          with
          [
              T=float
          ]
c:\users\martin\downloads\comp2501-finalproject-master (2)\comp2501-finalproject-master\texturedemo\texturedemo\camera.cpp(39): warning C4244: '-=': conversion from 'double' to 'T', possible loss of data
          with
          [
              T=float
          ]
  Castle.cpp
c:\users\martin\downloads\comp2501-finalproject-master (2)\comp2501-finalproject-master\texturedemo\texturedemo\castle.cpp(30): warning C4018: '<': signed/unsigned mismatch
c:\users\martin\downloads\comp2501-finalproject-master (2)\comp2501-finalproject-master\texturedemo\texturedemo\castle.cpp(32): warning C4018: '<': signed/unsigned mismatch
c:\users\martin\downloads\comp2501-finalproject-master (2)\comp2501-finalproject-master\texturedemo\texturedemo\castle.cpp(65): warning C4018: '<': signed/unsigned mismatch
c:\users\martin\downloads\comp2501-finalproject-master (2)\comp2501-finalproject-master\texturedemo\texturedemo\castle.cpp(125): warning C4018: '<': signed/unsigned mismatch
c:\users\martin\downloads\comp2501-finalproject-master (2)\comp2501-finalproject-master\texturedemo\texturedemo\castle.cpp(193): warning C4018: '<': signed/unsigned mismatch
c:\users\martin\downloads\comp2501-finalproject-master (2)\comp2501-finalproject-master\texturedemo\texturedemo\castle.cpp(198): warning C4018: '<': signed/unsigned mismatch
c:\users\martin\downloads\comp2501-finalproject-master (2)\comp2501-finalproject-master\texturedemo\texturedemo\castle.cpp(215): warning C4018: '<': signed/unsigned mismatch
  GameObject.cpp
  GLM: rotate function taking degrees as a parameter is deprecated. #define GLM_FORCE_RADIANS before including GLM headers to remove this message.
  Graph.cpp
c:\users\martin\downloads\comp2501-finalproject-master (2)\comp2501-finalproject-master\texturedemo\texturedemo\graph.cpp(43): warning C4018: '<': signed/unsigned mismatch
c:\users\martin\downloads\comp2501-finalproject-master (2)\comp2501-finalproject-master\texturedemo\texturedemo\graph.cpp(44): warning C4018: '<': signed/unsigned mismatch
c:\users\martin\downloads\comp2501-finalproject-master (2)\comp2501-finalproject-master\texturedemo\texturedemo\graph.cpp(47): warning C4018: '<': signed/unsigned mismatch
c:\users\martin\downloads\comp2501-finalproject-master (2)\comp2501-finalproject-master\texturedemo\texturedemo\graph.cpp(57): warning C4018: '<': signed/unsigned mismatch
c:\users\martin\downloads\comp2501-finalproject-master (2)\comp2501-finalproject-master\texturedemo\texturedemo\graph.cpp(69): warning C4018: '<': signed/unsigned mismatch
c:\users\martin\downloads\comp2501-finalproject-master (2)\comp2501-finalproject-master\texturedemo\texturedemo\graph.cpp(70): warning C4018: '<': signed/unsigned mismatch
c:\users\martin\downloads\comp2501-finalproject-master (2)\comp2501-finalproject-master\texturedemo\texturedemo\graph.cpp(78): warning C4018: '<': signed/unsigned mismatch
c:\users\martin\downloads\comp2501-finalproject-master (2)\comp2501-finalproject-master\texturedemo\texturedemo\graph.cpp(79): warning C4018: '<': signed/unsigned mismatch
c:\users\martin\downloads\comp2501-finalproject-master (2)\comp2501-finalproject-master\texturedemo\texturedemo\graph.cpp(93): warning C4244: '-=': conversion from 'double' to 'float', possible loss of data
c:\users\martin\downloads\comp2501-finalproject-master (2)\comp2501-finalproject-master\texturedemo\texturedemo\graph.cpp(94): warning C4244: '-=': conversion from 'double' to 'float', possible loss of data
c:\users\martin\downloads\comp2501-finalproject-master (2)\comp2501-finalproject-master\texturedemo\texturedemo\graph.cpp(100): warning C4018: '>=': signed/unsigned mismatch
c:\users\martin\downloads\comp2501-finalproject-master (2)\comp2501-finalproject-master\texturedemo\texturedemo\graph.cpp(103): warning C4018: '>=': signed/unsigned mismatch
c:\users\martin\downloads\comp2501-finalproject-master (2)\comp2501-finalproject-master\texturedemo\texturedemo\graph.cpp(121): warning C4244: 'initializing': conversion from 'double' to 'float', possible loss of data
c:\users\martin\downloads\comp2501-finalproject-master (2)\comp2501-finalproject-master\texturedemo\texturedemo\graph.cpp(122): warning C4244: 'initializing': conversion from 'double' to 'float', possible loss of data
c:\users\martin\downloads\comp2501-finalproject-master (2)\comp2501-finalproject-master\texturedemo\texturedemo\graph.cpp(124): warning C4305: '/=': truncation from 'double' to 'float'
c:\users\martin\downloads\comp2501-finalproject-master (2)\comp2501-finalproject-master\texturedemo\texturedemo\graph.cpp(125): warning C4305: '/=': truncation from 'double' to 'float'
c:\users\martin\downloads\comp2501-finalproject-master (2)\comp2501-finalproject-master\texturedemo\texturedemo\graph.cpp(136): warning C4018: '<': signed/unsigned mismatch
c:\users\martin\downloads\comp2501-finalproject-master (2)\comp2501-finalproject-master\texturedemo\texturedemo\graph.cpp(145): warning C4018: '<': signed/unsigned mismatch
c:\users\martin\downloads\comp2501-finalproject-master (2)\comp2501-finalproject-master\texturedemo\texturedemo\graph.cpp(178): warning C4018: '<': signed/unsigned mismatch
c:\users\martin\downloads\comp2501-finalproject-master (2)\comp2501-finalproject-master\texturedemo\texturedemo\graph.cpp(179): warning C4018: '<': signed/unsigned mismatch
c:\users\martin\downloads\comp2501-finalproject-master (2)\comp2501-finalproject-master\texturedemo\texturedemo\graph.cpp(206): warning C4018: '<': signed/unsigned mismatch
  main.cpp
c:\users\martin\downloads\comp2501-finalproject-master (2)\comp2501-finalproject-master\texturedemo\texturedemo\main.cpp(147): warning C4018: '<': signed/unsigned mismatch
c:\users\martin\downloads\comp2501-finalproject-master (2)\comp2501-finalproject-master\texturedemo\texturedemo\main.cpp(265): warning C4305: 'argument': truncation from 'double' to 'GLfloat'
c:\users\martin\downloads\comp2501-finalproject-master (2)\comp2501-finalproject-master\texturedemo\texturedemo\main.cpp(285): warning C4244: 'initializing': conversion from 'double' to 'int', possible loss of data
c:\users\martin\downloads\comp2501-finalproject-master (2)\comp2501-finalproject-master\texturedemo\texturedemo\main.cpp(286): warning C4244: 'initializing': conversion from 'double' to 'int', possible loss of data
c:\users\martin\downloads\comp2501-finalproject-master (2)\comp2501-finalproject-master\texturedemo\texturedemo\main.cpp(291): warning C4244: 'initializing': conversion from 'double' to 'int', possible loss of data
c:\users\martin\downloads\comp2501-finalproject-master (2)\comp2501-finalproject-master\texturedemo\texturedemo\main.cpp(292): warning C4244: 'initializing': conversion from 'double' to 'int', possible loss of data
c:\users\martin\downloads\comp2501-finalproject-master (2)\comp2501-finalproject-master\texturedemo\texturedemo\main.cpp(358): warning C4018: '<': signed/unsigned mismatch
  FileUtils.cpp
  Node.cpp
  ParticleSystem.cpp
c:\users\martin\downloads\comp2501-finalproject-master (2)\comp2501-finalproject-master\texturedemo\texturedemo\particlesystem.cpp(60): warning C4244: '=': conversion from 'double' to 'float', possible loss of data
c:\users\martin\downloads\comp2501-finalproject-master (2)\comp2501-finalproject-master\texturedemo\texturedemo\particlesystem.cpp(61): warning C4244: '=': conversion from 'double' to 'float', possible loss of data
c:\users\martin\downloads\comp2501-finalproject-master (2)\comp2501-finalproject-master\texturedemo\texturedemo\particlesystem.cpp(120): warning C4305: 'argument': truncation from 'double' to 'const T'
          with
          [
              T=float
          ]
c:\users\martin\downloads\comp2501-finalproject-master (2)\comp2501-finalproject-master\texturedemo\texturedemo\particlesystem.cpp(124): warning C4244: 'initializing': conversion from 'double' to 'float', possible loss of data
  GLM: rotate function taking degrees as a parameter is deprecated. #define GLM_FORCE_RADIANS before including GLM headers to remove this message.
  Projectile.cpp
c:\users\martin\downloads\comp2501-finalproject-master (2)\comp2501-finalproject-master\texturedemo\texturedemo\projectile.cpp(12): warning C4244: '+=': conversion from 'double' to 'T', possible loss of data
          with
          [
              T=float
          ]
c:\users\martin\downloads\comp2501-finalproject-master (2)\comp2501-finalproject-master\texturedemo\texturedemo\projectile.cpp(13): warning C4244: '+=': conversion from 'double' to 'T', possible loss of data
          with
          [
              T=float
          ]
  Shader.cpp
  Tower.cpp
c:\users\martin\downloads\comp2501-finalproject-master (2)\comp2501-finalproject-master\texturedemo\texturedemo\tower.cpp(13): warning C4018: '<': signed/unsigned mismatch
c:\users\martin\downloads\comp2501-finalproject-master (2)\comp2501-finalproject-master\texturedemo\texturedemo\tower.cpp(26): warning C4018: '<': signed/unsigned mismatch
c:\users\martin\downloads\comp2501-finalproject-master (2)\comp2501-finalproject-master\texturedemo\texturedemo\tower.cpp(36): warning C4018: '<': signed/unsigned mismatch
c:\users\martin\downloads\comp2501-finalproject-master (2)\comp2501-finalproject-master\texturedemo\texturedemo\tower.cpp(46): warning C4018: '<': signed/unsigned mismatch
c:\users\martin\downloads\comp2501-finalproject-master (2)\comp2501-finalproject-master\texturedemo\texturedemo\tower.cpp(62): warning C4018: '<': signed/unsigned mismatch
c:\users\martin\downloads\comp2501-finalproject-master (2)\comp2501-finalproject-master\texturedemo\texturedemo\tower.cpp(74): warning C4018: '<': signed/unsigned mismatch
c:\users\martin\downloads\comp2501-finalproject-master (2)\comp2501-finalproject-master\texturedemo\texturedemo\tower.cpp(117): warning C4018: '<': signed/unsigned mismatch
  Unit.cpp
c:\users\martin\downloads\comp2501-finalproject-master (2)\comp2501-finalproject-master\texturedemo\texturedemo\unit.cpp(73): warning C4244: '+=': conversion from 'double' to 'T', possible loss of data
          with
          [
              T=float
          ]
c:\users\martin\downloads\comp2501-finalproject-master (2)\comp2501-finalproject-master\texturedemo\texturedemo\unit.cpp(75): warning C4244: '+=': conversion from 'double' to 'T', possible loss of data
          with
          [
              T=float
          ]
c:\users\martin\downloads\comp2501-finalproject-master (2)\comp2501-finalproject-master\texturedemo\texturedemo\unit.cpp(81): warning C4244: '-=': conversion from 'double' to 'T', possible loss of data
          with
          [
              T=float
          ]
c:\users\martin\downloads\comp2501-finalproject-master (2)\comp2501-finalproject-master\texturedemo\texturedemo\unit.cpp(83): warning C4244: '+=': conversion from 'double' to 'T', possible loss of data
          with
          [
              T=float
          ]
c:\users\martin\downloads\comp2501-finalproject-master (2)\comp2501-finalproject-master\texturedemo\texturedemo\unit.cpp(88): warning C4018: '<': signed/unsigned mismatch
c:\users\martin\downloads\comp2501-finalproject-master (2)\comp2501-finalproject-master\texturedemo\texturedemo\unit.cpp(117): warning C4244: 'argument': conversion from 'double' to 'int', possible loss of data
c:\users\martin\downloads\comp2501-finalproject-master (2)\comp2501-finalproject-master\texturedemo\texturedemo\unit.cpp(121): warning C4244: 'argument': conversion from 'double' to 'int', possible loss of data
c:\users\martin\downloads\comp2501-finalproject-master (2)\comp2501-finalproject-master\texturedemo\texturedemo\unit.cpp(135): warning C4018: '<': signed/unsigned mismatch
c:\users\martin\downloads\comp2501-finalproject-master (2)\comp2501-finalproject-master\texturedemo\texturedemo\unit.cpp(184): warning C4244: 'argument': conversion from 'float' to 'int', possible loss of data
c:\users\martin\downloads\comp2501-finalproject-master (2)\comp2501-finalproject-master\texturedemo\texturedemo\unit.cpp(190): warning C4018: '<': signed/unsigned mismatch
  Window.cpp
  Generating Code...
  SOIL.lib(SOIL.obj) : MSIL .netmodule or module compiled with /GL found; restarting link with /LTCG; add /LTCG to the link command line to improve linker performance
LINK : warning LNK4075: ignoring '/INCREMENTAL' due to '/LTCG' specification
LINK : warning LNK4098: defaultlib 'LIBCMT' conflicts with use of other libs; use /NODEFAULTLIB:library
LINK : warning LNK4098: defaultlib 'MSVCRT' conflicts with use of other libs; use /NODEFAULTLIB:library
Castle.obj : error LNK2001: unresolved external symbol "public: __thiscall Powerup::Powerup(int,struct glm::detail::tvec3<float,0>,struct glm::detail::tvec3<float,0> &,unsigned int,int)" (??0Powerup@@QAE@HU?$tvec3@M$0A@@detail@glm@@AAU123@IH@Z)
Castle.obj : error LNK2001: unresolved external symbol "public: __thiscall Powerup::~Powerup(void)" (??1Powerup@@QAE@XZ)
C:\Users\Martin\Downloads\COMP2501-FinalProject-master (2)\COMP2501-FinalProject-master\TextureDemo\Debug\TextureDemo.exe : fatal error LNK1120: 2 unresolved externals
